#
# A fatal error has been detected by the Java Runtime Environment:
#
#  EXCEPTION_ACCESS_VIOLATION (0xc0000005) at pc=0x5bb47770, pid=1724, tid=868
#
# JRE version: Java(TM) SE Runtime Environment (7.0_80-b15) (build 1.7.0_80-b15)
# Java VM: Java HotSpot(TM) Client VM (24.80-b11 mixed mode windows-x86 )
# Problematic frame:
# V  [jvm.dll+0x37770]
#
# Failed to write core dump. Minidumps are not enabled by default on client versions of Windows
#
# If you would like to submit a bug report, please visit:
#   http://bugreport.java.com/bugreport/crash.jsp
#

---------------  T H R E A D  ---------------

Current thread (0x001ad000):  JavaThread "main" [_thread_in_vm, id=868, stack(0x001c0000,0x00210000)]

siginfo: ExceptionCode=0xc0000005, reading address 0x00000090

Registers:
EAX=0x00000020, EBX=0x13a16fa0, ECX=0x0000007c, EDX=0x0000007c
ESP=0x0020fb3c, EBP=0x0020fb3c, ESI=0x13a16fa0, EDI=0x001ad000
EIP=0x5bb47770, EFLAGS=0x00010202

Top of Stack: (sp=0x0020fb3c)
0x0020fb3c:   0020fb58 5bbfb4cd 08f7e8b0 001ad000
0x0020fb4c:   13a16fa0 13a16fa0 001ad000 0020fb90
0x0020fb5c:   019af498 001ad130 0020fba0 001ad000
0x0020fb6c:   019af177 0020fb70 13a16fa0 0020fba0
0x0020fb7c:   13a6f890 00000000 13a16fa0 00000000
0x0020fb8c:   0020fba0 0020fbc8 019a341a 00000000
0x0020fb9c:   019abde9 08f7e8b0 05010cb0 0020fba8
0x0020fbac:   140b44f3 0020fbf0 140b5818 00000000 

Instructions: (pc=0x5bb47770)
0x5bb47750:   cc 52 15 00 83 c4 14 33 c0 5d c3 8b 15 74 bd e4
0x5bb47760:   5b 8b 0c 02 33 c0 85 c9 74 37 8d 9b 00 00 00 00
0x5bb47770:   8b 51 14 85 d2 74 07 83 c0 20 8b ca eb f2 8b 49
0x5bb47780:   0c 56 8b 71 08 33 d2 83 c1 0c 8d 9b 00 00 00 00 


Register to memory mapping:

EAX=0x00000020 is an unknown value
EBX=0x13a16fa0 is an oop
{method} 
 - klass: {other class}
ECX=0x0000007c is an unknown value
EDX=0x0000007c is an unknown value
ESP=0x0020fb3c is pointing into the stack for thread: 0x001ad000
EBP=0x0020fb3c is pointing into the stack for thread: 0x001ad000
ESI=0x13a16fa0 is an oop
{method} 
 - klass: {other class}
EDI=0x001ad000 is a thread


Stack: [0x001c0000,0x00210000],  sp=0x0020fb3c,  free space=318k
Native frames: (J=compiled Java code, j=interpreted, Vv=VM code, C=native code)
V  [jvm.dll+0x37770]
V  [jvm.dll+0xeb4cd]
j  java.lang.Throwable.getStackTraceDepth()I+0
j  br.ufpe.ApachePOIExcelRead.putS11Xlsx(Ljava/util/List;Lorg/apache/poi/xssf/usermodel/XSSFWorkbook;)V+3
j  br.ufpe.ApachePOIExcelRead.main([Ljava/lang/String;)V+59
v  ~StubRoutines::call_stub
V  [jvm.dll+0x1429aa]
V  [jvm.dll+0x20743e]
V  [jvm.dll+0x142a2d]
V  [jvm.dll+0xcb535]
V  [jvm.dll+0xd61d7]
C  [javaw.exe+0x2070]
C  [javaw.exe+0xa6d1]
C  [javaw.exe+0xa75b]
C  [kernel32.dll+0x4efac]
C  [ntdll.dll+0x63628]
C  [ntdll.dll+0x635fb]

Java frames: (J=compiled Java code, j=interpreted, Vv=VM code)
j  java.lang.Throwable.getStackTraceDepth()I+0
j  br.ufpe.ApachePOIExcelRead.putS11Xlsx(Ljava/util/List;Lorg/apache/poi/xssf/usermodel/XSSFWorkbook;)V+3
j  br.ufpe.ApachePOIExcelRead.main([Ljava/lang/String;)V+59
v  ~StubRoutines::call_stub

---------------  P R O C E S S  ---------------

Java Threads: ( => current thread )
  0x17a6bc00 JavaThread "Service Thread" daemon [_thread_blocked, id=7968, stack(0x18650000,0x186a0000)]
  0x17a6b400 JavaThread "C1 CompilerThread0" daemon [_thread_blocked, id=5828, stack(0x17c70000,0x17cc0000)]
  0x17a5d800 JavaThread "JDWP Command Reader" daemon [_thread_in_native, id=10228, stack(0x039a0000,0x039f0000)]
  0x17a5c000 JavaThread "JDWP Event Helper Thread" daemon [_thread_blocked, id=6240, stack(0x18590000,0x185e0000)]
  0x17a53400 JavaThread "JDWP Transport Listener: dt_socket" daemon [_thread_blocked, id=3500, stack(0x184c0000,0x18510000)]
  0x17a49c00 JavaThread "Attach Listener" daemon [_thread_blocked, id=6384, stack(0x17e40000,0x17e90000)]
  0x17a46c00 JavaThread "Signal Dispatcher" daemon [_thread_blocked, id=8844, stack(0x17df0000,0x17e40000)]
  0x17a17800 JavaThread "Finalizer" daemon [_thread_blocked, id=608, stack(0x17c20000,0x17c70000)]
  0x17a12800 JavaThread "Reference Handler" daemon [_thread_blocked, id=8940, stack(0x01350000,0x013a0000)]
=>0x001ad000 JavaThread "main" [_thread_in_vm, id=868, stack(0x001c0000,0x00210000)]

Other Threads:
  0x17a0fc00 VMThread [stack: 0x018d0000,0x01920000] [id=9208]
  0x17a84000 WatcherThread [stack: 0x186b0000,0x18700000] [id=3508]

VM state:not at safepoint (normal execution)

VM Mutex/Monitor currently owned by a thread: None

Heap
 def new generation   total 35072K, used 23663K [0x03a00000, 0x06000000, 0x08f50000)
  eden space 31232K,  75% used [0x03a00000, 0x051158f8, 0x05880000)
  from space 3840K,   0% used [0x05c40000, 0x05c464d0, 0x06000000)
  to   space 3840K,   0% used [0x05880000, 0x05880000, 0x05c40000)
 tenured generation   total 77788K, used 46671K [0x08f50000, 0x0db47000, 0x13a00000)
   the space 77788K,  59% used [0x08f50000, 0x0bce3c00, 0x0bce3c00, 0x0db47000)
 compacting perm gen  total 12288K, used 6870K [0x13a00000, 0x14600000, 0x17a00000)
   the space 12288K,  55% used [0x13a00000, 0x140b5b08, 0x140b5c00, 0x14600000)
No shared spaces configured.

Card table byte_map: [0x017d0000,0x01880000] byte_map_base: 0x017b3000

Polling page: 0x00180000

Code Cache  [0x019a0000, 0x01bc0000, 0x039a0000)
 total_blobs=1026 nmethods=879 adapters=91 free_code_cache=30598Kb largest_free_block=31332352

Compilation events (10 events):
Event: 7.086 Thread 0x17a6b400  884             java.lang.Double::doubleToLongBits (33 bytes)
Event: 7.086 Thread 0x17a6b400 nmethod 884 0x01bb7588 code [0x01bb7680, 0x01bb7740]
Event: 7.086 Thread 0x17a6b400  885             java.lang.Double::toString (12 bytes)
Event: 7.087 Thread 0x17a6b400 nmethod 885 0x01bb7788 code [0x01bb78c0, 0x01bb7a70]
Event: 7.087 Thread 0x17a6b400  886             java.lang.Double::toString (8 bytes)
Event: 7.088 Thread 0x17a6b400 nmethod 886 0x01bb7c08 code [0x01bb7d40, 0x01bb7f00]
Event: 13.529 Thread 0x17a6b400  887             java.util.AbstractCollection::toString (89 bytes)
Event: 13.531 Thread 0x17a6b400 nmethod 887 0x01bb8108 code [0x01bb82d0, 0x01bb8764]
Event: 37.109 Thread 0x17a6b400  888 %           org.apache.xmlbeans.impl.common.XMLChar::<clinit> @ 4333 (4917 bytes)
Event: 37.137 Thread 0x17a6b400 nmethod 888% 0x01bb8f08 code [0x01bb91b0, 0x01bbbd10]

GC Heap History (10 events):
Event: 4.345 GC heap before
{Heap before GC invocations=18 (full 4):
 def new generation   total 35072K, used 31232K [0x03a00000, 0x06000000, 0x08f50000)
  eden space 31232K, 100% used [0x03a00000, 0x05880000, 0x05880000)
  from space 3840K,   0% used [0x05880000, 0x05880000, 0x05c40000)
  to   space 3840K,   0% used [0x05c40000, 0x05c40000, 0x06000000)
 tenured generation   total 77788K, used 46671K [0x08f50000, 0x0db47000, 0x13a00000)
   the space 77788K,  59% used [0x08f50000, 0x0bce3c00, 0x0bce3c00, 0x0db47000)
 compacting perm gen  total 12288K, used 6844K [0x13a00000, 0x14600000, 0x17a00000)
   the space 12288K,  55% used [0x13a00000, 0x140af008, 0x140af200, 0x14600000)
No shared spaces configured.
Event: 4.347 GC heap after
Heap after GC invocations=19 (full 4):
 def new generation   total 35072K, used 40K [0x03a00000, 0x06000000, 0x08f50000)
  eden space 31232K,   0% used [0x03a00000, 0x03a00000, 0x05880000)
  from space 3840K,   1% used [0x05c40000, 0x05c4a2e0, 0x06000000)
  to   space 3840K,   0% used [0x05880000, 0x05880000, 0x05c40000)
 tenured generation   total 77788K, used 46671K [0x08f50000, 0x0db47000, 0x13a00000)
   the space 77788K,  59% used [0x08f50000, 0x0bce3c00, 0x0bce3c00, 0x0db47000)
 compacting perm gen  total 12288K, used 6844K [0x13a00000, 0x14600000, 0x17a00000)
   the space 12288K,  55% used [0x13a00000, 0x140af008, 0x140af200, 0x14600000)
No shared spaces configured.
}
Event: 4.570 GC heap before
{Heap before GC invocations=19 (full 4):
 def new generation   total 35072K, used 31272K [0x03a00000, 0x06000000, 0x08f50000)
  eden space 31232K, 100% used [0x03a00000, 0x05880000, 0x05880000)
  from space 3840K,   1% used [0x05c40000, 0x05c4a2e0, 0x06000000)
  to   space 3840K,   0% used [0x05880000, 0x05880000, 0x05c40000)
 tenured generation   total 77788K, used 46671K [0x08f50000, 0x0db47000, 0x13a00000)
   the space 77788K,  59% used [0x08f50000, 0x0bce3c00, 0x0bce3c00, 0x0db47000)
 compacting perm gen  total 12288K, used 6844K [0x13a00000, 0x14600000, 0x17a00000)
   the space 12288K,  55% used [0x13a00000, 0x140af008, 0x140af200, 0x14600000)
No shared spaces configured.
Event: 4.572 GC heap after
Heap after GC invocations=20 (full 4):
 def new generation   total 35072K, used 27K [0x03a00000, 0x06000000, 0x08f50000)
  eden space 31232K,   0% used [0x03a00000, 0x03a00000, 0x05880000)
  from space 3840K,   0% used [0x05880000, 0x05886ea8, 0x05c40000)
  to   space 3840K,   0% used [0x05c40000, 0x05c40000, 0x06000000)
 tenured generation   total 77788K, used 46671K [0x08f50000, 0x0db47000, 0x13a00000)
   the space 77788K,  59% used [0x08f50000, 0x0bce3c00, 0x0bce3c00, 0x0db47000)
 compacting perm gen  total 12288K, used 6844K [0x13a00000, 0x14600000, 0x17a00000)
   the space 12288K,  55% used [0x13a00000, 0x140af008, 0x140af200, 0x14600000)
No shared spaces configured.
}
Event: 4.808 GC heap before
{Heap before GC invocations=20 (full 4):
 def new generation   total 35072K, used 31259K [0x03a00000, 0x06000000, 0x08f50000)
  eden space 31232K, 100% used [0x03a00000, 0x05880000, 0x05880000)
  from space 3840K,   0% used [0x05880000, 0x05886ea8, 0x05c40000)
  to   space 3840K,   0% used [0x05c40000, 0x05c40000, 0x06000000)
 tenured generation   total 77788K, used 46671K [0x08f50000, 0x0db47000, 0x13a00000)
   the space 77788K,  59% used [0x08f50000, 0x0bce3c00, 0x0bce3c00, 0x0db47000)
 compacting perm gen  total 12288K, used 6844K [0x13a00000, 0x14600000, 0x17a00000)
   the space 12288K,  55% used [0x13a00000, 0x140af008, 0x140af200, 0x14600000)
No shared spaces configured.
Event: 4.810 GC heap after
Heap after GC invocations=21 (full 4):
 def new generation   total 35072K, used 31K [0x03a00000, 0x06000000, 0x08f50000)
  eden space 31232K,   0% used [0x03a00000, 0x03a00000, 0x05880000)
  from space 3840K,   0% used [0x05c40000, 0x05c47eb8, 0x06000000)
  to   space 3840K,   0% used [0x05880000, 0x05880000, 0x05c40000)
 tenured generation   total 77788K, used 46671K [0x08f50000, 0x0db47000, 0x13a00000)
   the space 77788K,  59% used [0x08f50000, 0x0bce3c00, 0x0bce3c00, 0x0db47000)
 compacting perm gen  total 12288K, used 6844K [0x13a00000, 0x14600000, 0x17a00000)
   the space 12288K,  55% used [0x13a00000, 0x140af008, 0x140af200, 0x14600000)
No shared spaces configured.
}
Event: 5.006 GC heap before
{Heap before GC invocations=21 (full 4):
 def new generation   total 35072K, used 31263K [0x03a00000, 0x06000000, 0x08f50000)
  eden space 31232K, 100% used [0x03a00000, 0x05880000, 0x05880000)
  from space 3840K,   0% used [0x05c40000, 0x05c47eb8, 0x06000000)
  to   space 3840K,   0% used [0x05880000, 0x05880000, 0x05c40000)
 tenured generation   total 77788K, used 46671K [0x08f50000, 0x0db47000, 0x13a00000)
   the space 77788K,  59% used [0x08f50000, 0x0bce3c00, 0x0bce3c00, 0x0db47000)
 compacting perm gen  total 12288K, used 6844K [0x13a00000, 0x14600000, 0x17a00000)
   the space 12288K,  55% used [0x13a00000, 0x140af018, 0x140af200, 0x14600000)
No shared spaces configured.
Event: 5.028 GC heap after
Heap after GC invocations=22 (full 4):
 def new generation   total 35072K, used 35K [0x03a00000, 0x06000000, 0x08f50000)
  eden space 31232K,   0% used [0x03a00000, 0x03a00000, 0x05880000)
  from space 3840K,   0% used [0x05880000, 0x05888da8, 0x05c40000)
  to   space 3840K,   0% used [0x05c40000, 0x05c40000, 0x06000000)
 tenured generation   total 77788K, used 46671K [0x08f50000, 0x0db47000, 0x13a00000)
   the space 77788K,  59% used [0x08f50000, 0x0bce3c00, 0x0bce3c00, 0x0db47000)
 compacting perm gen  total 12288K, used 6844K [0x13a00000, 0x14600000, 0x17a00000)
   the space 12288K,  55% used [0x13a00000, 0x140af018, 0x140af200, 0x14600000)
No shared spaces configured.
}
Event: 5.182 GC heap before
{Heap before GC invocations=22 (full 4):
 def new generation   total 35072K, used 31267K [0x03a00000, 0x06000000, 0x08f50000)
  eden space 31232K, 100% used [0x03a00000, 0x05880000, 0x05880000)
  from space 3840K,   0% used [0x05880000, 0x05888da8, 0x05c40000)
  to   space 3840K,   0% used [0x05c40000, 0x05c40000, 0x06000000)
 tenured generation   total 77788K, used 46671K [0x08f50000, 0x0db47000, 0x13a00000)
   the space 77788K,  59% used [0x08f50000, 0x0bce3c00, 0x0bce3c00, 0x0db47000)
 compacting perm gen  total 12288K, used 6844K [0x13a00000, 0x14600000, 0x17a00000)
   the space 12288K,  55% used [0x13a00000, 0x140af018, 0x140af200, 0x14600000)
No shared spaces configured.
Event: 5.184 GC heap after
Heap after GC invocations=23 (full 4):
 def new generation   total 35072K, used 25K [0x03a00000, 0x06000000, 0x08f50000)
  eden space 31232K,   0% used [0x03a00000, 0x03a00000, 0x05880000)
  from space 3840K,   0% used [0x05c40000, 0x05c464d0, 0x06000000)
  to   space 3840K,   0% used [0x05880000, 0x05880000, 0x05c40000)
 tenured generation   total 77788K, used 46671K [0x08f50000, 0x0db47000, 0x13a00000)
   the space 77788K,  59% used [0x08f50000, 0x0bce3c00, 0x0bce3c00, 0x0db47000)
 compacting perm gen  total 12288K, used 6844K [0x13a00000, 0x14600000, 0x17a00000)
   the space 12288K,  55% used [0x13a00000, 0x140af018, 0x140af200, 0x14600000)
No shared spaces configured.
}

Deoptimization events (0 events):
No events

Internal exceptions (10 events):
Event: 3.573 Thread 0x001ad000 Threw 0x04969068 at C:\re\jdk7u80\2329\hotspot\src\share\vm\prims\jvm.cpp:1319
Event: 3.574 Thread 0x001ad000 Threw 0x0496c6a0 at C:\re\jdk7u80\2329\hotspot\src\share\vm\prims\jvm.cpp:1319
Event: 3.577 Thread 0x001ad000 Threw 0x04978b78 at C:\re\jdk7u80\2329\hotspot\src\share\vm\prims\jvm.cpp:1319
Event: 3.578 Thread 0x001ad000 Threw 0x0497fae0 at C:\re\jdk7u80\2329\hotspot\src\share\vm\prims\jvm.cpp:1319
Event: 3.585 Thread 0x001ad000 Threw 0x049bb3d0 at C:\re\jdk7u80\2329\hotspot\src\share\vm\prims\jvm.cpp:1319
Event: 3.586 Thread 0x001ad000 Threw 0x049be058 at C:\re\jdk7u80\2329\hotspot\src\share\vm\prims\jvm.cpp:1319
Event: 3.586 Thread 0x001ad000 Threw 0x049c0c70 at C:\re\jdk7u80\2329\hotspot\src\share\vm\prims\jvm.cpp:1319
Event: 3.587 Thread 0x001ad000 Threw 0x049c3a28 at C:\re\jdk7u80\2329\hotspot\src\share\vm\prims\jvm.cpp:1319
Event: 21.241 Thread 0x001ad000 Threw 0x05010cb0 at C:\re\jdk7u80\2329\hotspot\src\share\vm\interpreter\linkResolver.cpp:978
Event: 37.084 Thread 0x001ad000 Threw 0x05026ea8 at C:\re\jdk7u80\2329\hotspot\src\share\vm\prims\jvm.cpp:1319

Events (10 events):
Event: 48.392 Executing VM operation: ChangeSingleStep
Event: 48.392 Executing VM operation: ChangeSingleStep done
Event: 48.392 Executing VM operation: ChangeSingleStep
Event: 48.392 Executing VM operation: ChangeSingleStep done
Event: 50.340 Executing VM operation: EnterInterpOnlyMode
Event: 50.341 Executing VM operation: EnterInterpOnlyMode done
Event: 50.341 Executing VM operation: GetCurrentLocation
Event: 50.341 Executing VM operation: GetCurrentLocation done
Event: 50.341 Executing VM operation: ChangeSingleStep
Event: 50.341 Executing VM operation: ChangeSingleStep done


Dynamic libraries:
0x011f0000 - 0x0121f000 	C:\Program Files\Java\jre7\bin\javaw.exe
0x77410000 - 0x77552000 	C:\Windows\SYSTEM32\ntdll.dll
0x76520000 - 0x765f5000 	C:\Windows\system32\kernel32.dll
0x75400000 - 0x7544b000 	C:\Windows\system32\KERNELBASE.dll
0x761e0000 - 0x76281000 	C:\Windows\system32\ADVAPI32.dll
0x75c20000 - 0x75ccc000 	C:\Windows\system32\msvcrt.dll
0x75fe0000 - 0x75ff9000 	C:\Windows\SYSTEM32\sechost.dll
0x75ea0000 - 0x75f42000 	C:\Windows\system32\RPCRT4.dll
0x77590000 - 0x77659000 	C:\Windows\system32\USER32.dll
0x759b0000 - 0x759fe000 	C:\Windows\system32\GDI32.dll
0x77580000 - 0x7758a000 	C:\Windows\system32\LPK.dll
0x76140000 - 0x761dd000 	C:\Windows\system32\USP10.dll
0x73e80000 - 0x7401e000 	C:\Windows\WinSxS\x86_microsoft.windows.common-controls_6595b64144ccf1df_6.0.7601.18837_none_41e855142bd5705d\COMCTL32.dll
0x76010000 - 0x76067000 	C:\Windows\system32\SHLWAPI.dll
0x77560000 - 0x7757f000 	C:\Windows\system32\IMM32.DLL
0x76070000 - 0x7613d000 	C:\Windows\system32\MSCTF.dll
0x5f480000 - 0x5f53f000 	C:\Program Files\Java\jre7\bin\msvcr100.dll
0x5bb10000 - 0x5be9b000 	C:\Program Files\Java\jre7\bin\client\jvm.dll
0x6e090000 - 0x6e097000 	C:\Windows\system32\WSOCK32.dll
0x75a00000 - 0x75a35000 	C:\Windows\system32\WS2_32.dll
0x76000000 - 0x76006000 	C:\Windows\system32\NSI.dll
0x73100000 - 0x73132000 	C:\Windows\system32\WINMM.dll
0x75c10000 - 0x75c15000 	C:\Windows\system32\PSAPI.DLL
0x704b0000 - 0x704bc000 	C:\Program Files\Java\jre7\bin\verify.dll
0x6bd70000 - 0x6bd91000 	C:\Program Files\Java\jre7\bin\java.dll
0x6c080000 - 0x6c0aa000 	C:\Program Files\Java\jre7\bin\jdwp.dll
0x73840000 - 0x73847000 	C:\Program Files\Java\jre7\bin\npt.dll
0x6ccf0000 - 0x6cd03000 	C:\Program Files\Java\jre7\bin\zip.dll
0x6d070000 - 0x6d078000 	C:\Program Files\Java\jre7\bin\dt_socket.dll
0x741b0000 - 0x741c0000 	C:\Windows\system32\NLAapi.dll
0x70040000 - 0x70050000 	C:\Windows\system32\napinsp.dll
0x64960000 - 0x64972000 	C:\Windows\system32\pnrpnsp.dll
0x74d30000 - 0x74d6c000 	C:\Windows\System32\mswsock.dll
0x74b70000 - 0x74bb4000 	C:\Windows\system32\DNSAPI.dll
0x6e030000 - 0x6e038000 	C:\Windows\System32\winrnr.dll
0x70160000 - 0x70181000 	C:\Program Files\Bonjour\mdnsNSP.dll
0x73cf0000 - 0x73d0c000 	C:\Windows\system32\Iphlpapi.DLL
0x73ce0000 - 0x73ce7000 	C:\Windows\system32\WINNSI.DLL
0x73b70000 - 0x73ba8000 	C:\Windows\System32\fwpuclnt.dll
0x70150000 - 0x70156000 	C:\Windows\system32\rasadhlp.dll
0x74840000 - 0x74845000 	C:\Windows\System32\wshtcpip.dll
0x6ccb0000 - 0x6ccc4000 	C:\Program Files\Java\jre7\bin\net.dll
0x74e00000 - 0x74e06000 	C:\Windows\System32\wship6.dll
0x72e00000 - 0x72e0f000 	C:\Program Files\Java\jre7\bin\nio.dll
0x724d0000 - 0x725bb000 	C:\Windows\system32\dbghelp.dll

VM Arguments:
jvm_args: -agentlib:jdwp=transport=dt_socket,suspend=y,address=localhost:51932 -Dfile.encoding=Cp1252 
java_command: br.ufpe.ApachePOIExcelRead
Launcher Type: SUN_STANDARD

Environment Variables:
PATH=C:/Program Files/Java/jre7/bin/client;C:/Program Files/Java/jre7/bin;C:/Program Files/Java/jre7/lib/i386;C:\Windows\system32;C:\Windows;C:\Windows\System32\Wbem;C:\Windows\System32\WindowsPowerShell\v1.0\;C:\Program Files\Git\cmd;C:\eclipse-jee-luna-SR2-win32\eclipse;
USERNAME=Marcelo
OS=Windows_NT
PROCESSOR_IDENTIFIER=x86 Family 6 Model 37 Stepping 5, GenuineIntel



---------------  S Y S T E M  ---------------

OS: Windows 7 Build 7601 Service Pack 1

CPU:total 4 (2 cores per cpu, 2 threads per core) family 6 model 37 stepping 5, cmov, cx8, fxsr, mmx, sse, sse2, sse3, ssse3, sse4.1, sse4.2, popcnt, ht, tsc, tscinvbit

Memory: 4k page, physical 3002924k(849060k free), swap 6004160k(2342372k free)

vm_info: Java HotSpot(TM) Client VM (24.80-b11) for windows-x86 JRE (1.7.0_80-b15), built on Apr 10 2015 13:33:35 by "java_re" with unknown MS VC++:1600

time: Thu Jun 07 12:00:16 2018
elapsed time: 50 seconds

